c:\users\10123\documents\visual studio 2015\projects\qtguiapplication2\qtguiapplication2\x64\debug\vc140.pdb
c:\users\10123\documents\visual studio 2015\projects\qtguiapplication2\qtguiapplication2\x64\debug\qtguiapplication2.obj
c:\users\10123\documents\visual studio 2015\projects\qtguiapplication2\qtguiapplication2\x64\debug\main.obj
c:\users\10123\documents\visual studio 2015\projects\qtguiapplication2\qtguiapplication2\x64\debug\ll1.obj
c:\users\10123\documents\visual studio 2015\projects\qtguiapplication2\qtguiapplication2\x64\debug\moc_qtguiapplication2.obj
c:\users\10123\documents\visual studio 2015\projects\qtguiapplication2\qtguiapplication2\x64\debug\qrc_qtguiapplication2.obj
c:\users\10123\documents\visual studio 2015\projects\qtguiapplication2\qtguiapplication2\generatedfiles\debug\moc_qtguiapplication2.cpp
c:\users\10123\documents\visual studio 2015\projects\qtguiapplication2\qtguiapplication2\generatedfiles\qrc_qtguiapplication2.cpp
c:\users\10123\documents\visual studio 2015\projects\qtguiapplication2\qtguiapplication2\generatedfiles\ui_qtguiapplication2.h
c:\users\10123\documents\visual studio 2015\projects\qtguiapplication2\x64\debug\qtguiapplication2.ilk
c:\users\10123\documents\visual studio 2015\projects\qtguiapplication2\x64\debug\qtguiapplication2.exe
c:\users\10123\documents\visual studio 2015\projects\qtguiapplication2\x64\debug\qtguiapplication2.pdb
c:\users\10123\documents\visual studio 2015\projects\qtguiapplication2\qtguiapplication2\x64\debug\qtguiapp.b12702ad.tlog\cl.command.1.tlog
c:\users\10123\documents\visual studio 2015\projects\qtguiapplication2\qtguiapplication2\x64\debug\qtguiapp.b12702ad.tlog\cl.read.1.tlog
c:\users\10123\documents\visual studio 2015\projects\qtguiapplication2\qtguiapplication2\x64\debug\qtguiapp.b12702ad.tlog\cl.write.1.tlog
c:\users\10123\documents\visual studio 2015\projects\qtguiapplication2\qtguiapplication2\x64\debug\qtguiapp.b12702ad.tlog\custombuild.command.1.tlog
c:\users\10123\documents\visual studio 2015\projects\qtguiapplication2\qtguiapplication2\x64\debug\qtguiapp.b12702ad.tlog\custombuild.read.1.tlog
c:\users\10123\documents\visual studio 2015\projects\qtguiapplication2\qtguiapplication2\x64\debug\qtguiapp.b12702ad.tlog\custombuild.write.1.tlog
c:\users\10123\documents\visual studio 2015\projects\qtguiapplication2\qtguiapplication2\x64\debug\qtguiapp.b12702ad.tlog\link.command.1.tlog
c:\users\10123\documents\visual studio 2015\projects\qtguiapplication2\qtguiapplication2\x64\debug\qtguiapp.b12702ad.tlog\link.read.1.tlog
c:\users\10123\documents\visual studio 2015\projects\qtguiapplication2\qtguiapplication2\x64\debug\qtguiapp.b12702ad.tlog\link.write.1.tlog
