生成启动时间为 2017/11/1 17:44:23。
     1>项目“C:\Users\10123\Desktop\newQt3\Qt3\Qt3\Qt3.vcxproj”在节点 2 上(Build 个目标)。
     1>CustomBuild:
         Uic'ing Qt3.ui...
       ClCompile:
         C:\Program Files (x86)\Microsoft Visual Studio 14.0\VC\bin\x86_amd64\CL.exe /c /I.\GeneratedFiles /I. /IE:\QT\5.7\msvc2015_64\include /I.\GeneratedFiles\Debug /IE:\QT\5.7\msvc2015_64\include\QtCore /IE:\QT\5.7\msvc2015_64\include\QtGui /IE:\QT\5.7\msvc2015_64\include\QtWidgets /Zi /nologo /W1 /WX- /Od /D UNICODE /D WIN32 /D WIN64 /D QT_DLL /D QT_CORE_LIB /D QT_GUI_LIB /D QT_WIDGETS_LIB /Gm- /EHsc /MDd /GS /fp:precise /Zc:wchar_t /Zc:forScope /Zc:inline /Fo"x64\Debug\\" /Fd"x64\Debug\vc140.pdb" /Gd /TP /errorReport:prompt GeneratedFiles\Debug\moc_Qt3.cpp LR.cpp Qt3.cpp
         moc_Qt3.cpp
         LR.cpp
     1>LR.cpp(342): warning C4129: “/”: 不可识别的字符转义序列
     1>C:\Program Files (x86)\Microsoft Visual Studio 14.0\VC\include\utility(166): warning C4244: “=”: 从“__int64”转换到“int”，可能丢失数据
         LR.cpp(367): note: 参见对正在编译的函数 模板 实例化“std::pair<std::string,int> &std::pair<std::string,int>::operator =<const char*,__int64>(std::pair<const char *,__int64> &&)”的引用
         LR.cpp(367): note: 参见对正在编译的函数 模板 实例化“std::pair<std::string,int> &std::pair<std::string,int>::operator =<const char*,__int64>(std::pair<const char *,__int64> &&)”的引用
         Qt3.cpp
         正在生成代码...
       Link:
         C:\Program Files (x86)\Microsoft Visual Studio 14.0\VC\bin\x86_amd64\link.exe /ERRORREPORT:PROMPT /OUT:"C:\Users\10123\Desktop\newQt3\Qt3\x64\Debug\\Qt3.exe" /NOLOGO /LIBPATH:E:\QT\5.7\msvc2015_64\lib qtmaind.lib Qt5Cored.lib Qt5Guid.lib Qt5Widgetsd.lib kernel32.lib user32.lib gdi32.lib winspool.lib comdlg32.lib advapi32.lib shell32.lib ole32.lib oleaut32.lib uuid.lib odbc32.lib odbccp32.lib /MANIFEST /MANIFESTUAC:"level='asInvoker' uiAccess='false'" /manifest:embed /Debug /PDB:"C:\Users\10123\Desktop\newQt3\Qt3\x64\Debug\Qt3.pdb" /SUBSYSTEM:WINDOWS /TLBID:1 /DYNAMICBASE /NXCOMPAT /IMPLIB:"C:\Users\10123\Desktop\newQt3\Qt3\x64\Debug\Qt3.lib" /MACHINE:X64 x64\Debug\moc_Qt3.obj
         x64\Debug\qrc_Qt3.obj
         x64\Debug\LR.obj
         x64\Debug\main.obj
         x64\Debug\Qt3.obj
         Qt3.vcxproj -> C:\Users\10123\Desktop\newQt3\Qt3\x64\Debug\Qt3.exe
     1>已完成生成项目“C:\Users\10123\Desktop\newQt3\Qt3\Qt3\Qt3.vcxproj”(Build 个目标)的操作。

已成功生成。

已用时间 00:00:05.14
